<?xml version="1.0" encoding="UTF-8"?>
<testsuite name="TestAP" tests="9" skipped="0" failures="0" errors="0" timestamp="2014-12-06T16:27:23" hostname="Vorak-PC" time="0.007">
  <properties/>
  <testcase name="testPortes2" classname="TestAP" time="0.003"/>
  <testcase name="testPortes3" classname="TestAP" time="0.0"/>
  <testcase name="testWheelMouv" classname="TestAP" time="0.0"/>
  <testcase name="testWheelExpectedError" classname="TestAP" time="0.0"/>
  <testcase name="testWheelMouv2" classname="TestAP" time="0.0"/>
  <testcase name="testWheelMouv3" classname="TestAP" time="0.002"/>
  <testcase name="testWheelMouv4" classname="TestAP" time="0.0"/>
  <testcase name="testLight1" classname="TestAP" time="0.0"/>
  <testcase name="testPortes" classname="TestAP" time="0.0"/>
  <system-out><![CDATA[]]></system-out>
  <system-err><![CDATA[]]></system-err>
</testsuite>
